<?xml version="1.0" encoding="utf-8"?><testsuites><testsuite name="pytest" errors="0" failures="0" skipped="1" tests="6" time="729.856" timestamp="2024-06-01T00:26:55.516018" hostname="ADRTPLAB01-D01"><testcase classname="tests.test_vu11p" name="test_check_linux_uart[/jenkins_adef/workspace/ADEFSystemsTeam/Apollo/FFSOM/HardwareTest/VU11P-Buildroot-Testing/apollo-ffsom-debug/vu11p/testing/tests/ref/jesd/vcvu11p_vpx_apollo/system_top.bit]" time="611.973" /><testcase classname="tests.test_vu11p" name="test_check_iio_drivers[/jenkins_adef/workspace/ADEFSystemsTeam/Apollo/FFSOM/HardwareTest/VU11P-Buildroot-Testing/apollo-ffsom-debug/vu11p/testing/tests/ref/jesd/vcvu11p_vpx_apollo/system_top.bit]" time="8.517" /><testcase classname="tests.test_vu11p" name="test_check_jesd_links[/jenkins_adef/workspace/ADEFSystemsTeam/Apollo/FFSOM/HardwareTest/VU11P-Buildroot-Testing/apollo-ffsom-debug/vu11p/testing/tests/ref/jesd/vcvu11p_vpx_apollo/system_top.bit]" time="0.000"><skipped type="pytest.skip" message="No idea on how to implement this over UART...">/jenkins_adef/workspace/ADEFSystemsTeam/Apollo/FFSOM/HardwareTest/VU11P-Buildroot-Testing/apollo-ffsom-debug/vu11p/testing/tests/test_vu11p.py:53: No idea on how to implement this over UART...</skipped></testcase><testcase classname="tests.test_vu11p" name="test_dac_tone[/jenkins_adef/workspace/ADEFSystemsTeam/Apollo/FFSOM/HardwareTest/VU11P-Buildroot-Testing/apollo-ffsom-debug/vu11p/testing/tests/ref/jesd/vcvu11p_vpx_apollo/system_top.bit-channel_group0]" time="35.725" /><testcase classname="tests.test_vu11p" name="test_adc_data[/jenkins_adef/workspace/ADEFSystemsTeam/Apollo/FFSOM/HardwareTest/VU11P-Buildroot-Testing/apollo-ffsom-debug/vu11p/testing/tests/ref/jesd/vcvu11p_vpx_apollo/system_top.bit-channel_group0-axi-ad9084b-rx-b]" time="71.298" /><testcase classname="tests.test_vu11p" name="test_check_adf4382_output_freq[/jenkins_adef/workspace/ADEFSystemsTeam/Apollo/FFSOM/HardwareTest/VU11P-Buildroot-Testing/apollo-ffsom-debug/vu11p/testing/tests/ref/jesd/vcvu11p_vpx_apollo/system_top.bit]" time="2.074" /></testsuite></testsuites>